#
# There is insufficient memory for the Java Runtime Environment to continue.
# Native memory allocation (mmap) failed to map 266338304 bytes for G1 virtual space
# Possible reasons:
#   The system is out of physical RAM or swap space
#   The process is running with CompressedOops enabled, and the Java Heap may be blocking the growth of the native heap
# Possible solutions:
#   Reduce memory load on the system
#   Increase physical memory or swap space
#   Check if swap backing store is full
#   Decrease Java heap size (-Xmx/-Xms)
#   Decrease number of Java threads
#   Decrease Java thread stack sizes (-Xss)
#   Set larger code cache with -XX:ReservedCodeCacheSize=
#   JVM is running with Zero Based Compressed Oops mode in which the Java heap is
#     placed in the first 32GB address space. The Java Heap base address is the
#     maximum limit for the native heap growth. Please use -XX:HeapBaseMinAddress
#     to set the Java Heap base and to place the Java Heap above 32GB virtual address.
# This output file may be truncated or incomplete.
#
#  Out of Memory Error (os_windows.cpp:3603), pid=21936, tid=15184
#
# JRE version:  (21.0.8+12) (build )
# Java VM: Java HotSpot(TM) 64-Bit Server VM (21.0.8+12-LTS-250, mixed mode, emulated-client, sharing, tiered, compressed oops, compressed class ptrs, g1 gc, windows-amd64)
# No core dump will be written. Minidumps are not enabled by default on client versions of Windows
#

---------------  S U M M A R Y ------------

Command Line: -XX:TieredStopAtLevel=1 -Dfile.encoding=UTF-8 -Duser.country=DE -Duser.language=de -Duser.variant bbq.order.OrderApplication

Host: Intel(R) Core(TM) i5-10310U CPU @ 1.70GHz, 8 cores, 15G,  Windows 10 , 64 bit Build 19041 (10.0.19041.5915)
Time: Fri Jan 23 00:41:17 2026 Mitteleuropäische Zeit elapsed time: 0.018166 seconds (0d 0h 0m 0s)

---------------  T H R E A D  ---------------

Current thread (0x000001c389eec630):  JavaThread "Unknown thread" [_thread_in_vm, id=15184, stack(0x0000005e05800000,0x0000005e05900000) (1024K)]

Stack: [0x0000005e05800000,0x0000005e05900000]
Native frames: (J=compiled Java code, j=interpreted, Vv=VM code, C=native code)
V  [jvm.dll+0x6cc179]
V  [jvm.dll+0x8584c1]
V  [jvm.dll+0x85a9ee]
V  [jvm.dll+0x85b0c3]
V  [jvm.dll+0x27ebf6]
V  [jvm.dll+0x6c88f5]
V  [jvm.dll+0x6bd45a]
V  [jvm.dll+0x354b1a]
V  [jvm.dll+0x35c796]
V  [jvm.dll+0x3af85e]
V  [jvm.dll+0x3afb08]
V  [jvm.dll+0x328e2c]
V  [jvm.dll+0x32998b]
V  [jvm.dll+0x821879]
V  [jvm.dll+0x3bc541]
V  [jvm.dll+0x80aaf8]
V  [jvm.dll+0x45172e]
V  [jvm.dll+0x453321]
C  [jli.dll+0x52a3]
C  [ucrtbase.dll+0x21bb2]
C  [KERNEL32.DLL+0x17374]
C  [ntdll.dll+0x4cc91]


---------------  P R O C E S S  ---------------

Threads class SMR info:
_java_thread_list=0x00007ffd73a7fc48, length=0, elements={
}

Java Threads: ( => current thread )
Total: 0

Other Threads:
  0x000001c38c091ac0 WorkerThread "GC Thread#0"                     [id=16936, stack(0x0000005e05900000,0x0000005e05a00000) (1024K)]
  0x000001c38c0a46d0 ConcurrentGCThread "G1 Main Marker"            [id=19060, stack(0x0000005e05a00000,0x0000005e05b00000) (1024K)]
  0x000001c38c0a5780 WorkerThread "G1 Conc#0"                       [id=25944, stack(0x0000005e05b00000,0x0000005e05c00000) (1024K)]

[error occurred during error reporting (printing all threads), id 0xc0000005, EXCEPTION_ACCESS_VIOLATION (0xc0000005) at pc=0x00007ffd731eb5b7]
VM state: not at safepoint (not fully initialized)

VM Mutex/Monitor currently owned by a thread:  ([mutex/lock_event])
[0x00007ffd73af0f50] Heap_lock - owner thread: 0x000001c389eec630

Heap address: 0x0000000703a00000, size: 4038 MB, Compressed Oops mode: Zero based, Oop shift amount: 3

CDS archive(s) mapped at: [0x0000000000000000-0x0000000000000000-0x0000000000000000), size 0, SharedBaseAddress: 0x0000000800000000, ArchiveRelocationMode: 1.
Narrow klass base: 0x0000000000000000, Narrow klass shift: 0, Narrow klass range: 0x0

GC Precious Log:
 CardTable entry size: 512
 Card Set container configuration: InlinePtr #cards 4 size 8 Array Of Cards #cards 16 size 48 Howl #buckets 8 coarsen threshold 3686 Howl Bitmap #cards 512 size 80 coarsen threshold 460 Card regions per heap region 1 cards per card region 4096

Heap:
 garbage-first heap   total 0K, used 0K [0x0000000703a00000, 0x0000000800000000)
  region size 2048K, 0 young (0K), 0 survivors (0K)

[error occurred during error reporting (printing heap information), id 0xc0000005, EXCEPTION_ACCESS_VIOLATION (0xc0000005) at pc=0x00007ffd735d51e9]
GC Heap History (0 events):
No events

Dll operation events (1 events):
Event: 0.010 Loaded shared library C:\Program Files\Java\jdk-21\bin\java.dll

Deoptimization events (0 events):
No events

Classes loaded (0 events):
No events

Classes unloaded (0 events):
No events

Classes redefined (0 events):
No events

Internal exceptions (0 events):
No events

ZGC Phase Switch (0 events):
No events

VM Operations (0 events):
No events

Events (0 events):
No events


Dynamic libraries:
0x00007ff7f4740000 - 0x00007ff7f4750000 	C:\Program Files\Java\jdk-21\bin\java.exe
0x00007ffdbf7f0000 - 0x00007ffdbf9e8000 	C:\windows\SYSTEM32\ntdll.dll
0x00007ffdbd860000 - 0x00007ffdbd922000 	C:\windows\System32\KERNEL32.DLL
0x00007ffdbd140000 - 0x00007ffdbd436000 	C:\windows\System32\KERNELBASE.dll
0x00007ffdbd040000 - 0x00007ffdbd140000 	C:\windows\System32\ucrtbase.dll
0x00007ffdb2920000 - 0x00007ffdb293b000 	C:\Program Files\Java\jdk-21\bin\VCRUNTIME140.dll
0x00007ffd8d810000 - 0x00007ffd8d829000 	C:\Program Files\Java\jdk-21\bin\jli.dll
0x00007ffdbf450000 - 0x00007ffdbf501000 	C:\windows\System32\ADVAPI32.dll
0x00007ffdbdc80000 - 0x00007ffdbdd1e000 	C:\windows\System32\msvcrt.dll
0x00007ffdbf1c0000 - 0x00007ffdbf25f000 	C:\windows\System32\sechost.dll
0x00007ffdbf330000 - 0x00007ffdbf450000 	C:\windows\System32\RPCRT4.dll
0x00007ffdbceb0000 - 0x00007ffdbced7000 	C:\windows\System32\bcrypt.dll
0x00007ffdbe210000 - 0x00007ffdbe3b1000 	C:\windows\System32\USER32.dll
0x00007ffdbce80000 - 0x00007ffdbcea2000 	C:\windows\System32\win32u.dll
0x00007ffda5e10000 - 0x00007ffda60ab000 	C:\windows\WinSxS\amd64_microsoft.windows.common-controls_6595b64144ccf1df_6.0.19041.6456_none_60b8a6cb71f64256\COMCTL32.dll
0x00007ffdbd830000 - 0x00007ffdbd85b000 	C:\windows\System32\GDI32.dll
0x00007ffdbd4e0000 - 0x00007ffdbd5f9000 	C:\windows\System32\gdi32full.dll
0x00007ffdbd440000 - 0x00007ffdbd4dd000 	C:\windows\System32\msvcp_win.dll
0x00007ffdb2160000 - 0x00007ffdb216a000 	C:\windows\SYSTEM32\VERSION.dll
0x00007ffdbf780000 - 0x00007ffdbf7af000 	C:\windows\System32\IMM32.DLL
0x00007ffda5680000 - 0x00007ffda568c000 	C:\Program Files\Java\jdk-21\bin\vcruntime140_1.dll
0x00007ffd829f0000 - 0x00007ffd82a7e000 	C:\Program Files\Java\jdk-21\bin\msvcp140.dll
0x00007ffd72eb0000 - 0x00007ffd73bcd000 	C:\Program Files\Java\jdk-21\bin\server\jvm.dll
0x00007ffdbe3c0000 - 0x00007ffdbe42b000 	C:\windows\System32\WS2_32.dll
0x00007ffdbc3d0000 - 0x00007ffdbc41b000 	C:\windows\SYSTEM32\POWRPROF.dll
0x00007ffd8d3d0000 - 0x00007ffd8d3f7000 	C:\windows\SYSTEM32\WINMM.dll
0x00007ffdbc240000 - 0x00007ffdbc252000 	C:\windows\SYSTEM32\UMPDC.dll
0x00007ffdbb650000 - 0x00007ffdbb662000 	C:\windows\SYSTEM32\kernel.appcore.dll
0x00007ffd912b0000 - 0x00007ffd912ba000 	C:\Program Files\Java\jdk-21\bin\jimage.dll
0x00007ffdb79b0000 - 0x00007ffdb7bb1000 	C:\windows\SYSTEM32\DBGHELP.DLL
0x00007ffda08a0000 - 0x00007ffda08d4000 	C:\windows\SYSTEM32\dbgcore.DLL
0x00007ffdbd780000 - 0x00007ffdbd802000 	C:\windows\System32\bcryptPrimitives.dll
0x00007ffd8d6b0000 - 0x00007ffd8d6cf000 	C:\Program Files\Java\jdk-21\bin\java.dll

dbghelp: loaded successfully - version: 4.0.5 - missing functions: none
symbol engine: initialized successfully - sym options: 0x614 - pdb path: .;C:\Program Files\Java\jdk-21\bin;C:\windows\SYSTEM32;C:\windows\WinSxS\amd64_microsoft.windows.common-controls_6595b64144ccf1df_6.0.19041.6456_none_60b8a6cb71f64256;C:\Program Files\Java\jdk-21\bin\server

VM Arguments:
jvm_args: -XX:TieredStopAtLevel=1 -Dfile.encoding=UTF-8 -Duser.country=DE -Duser.language=de -Duser.variant 
java_command: bbq.order.OrderApplication
java_class_path (initial): C:\ISOs\EXTERN\Comitter\GetMyFood\order\build\classes\java\main;C:\ISOs\EXTERN\Comitter\GetMyFood\order\build\resources\main;C:\Users\CC-Student\.gradle\caches\modules-2\files-2.1\org.springdoc\springdoc-openapi-starter-webmvc-ui\2.6.0\2dddebb56441dbaa1009c4de434a83c65596f6ad\springdoc-openapi-starter-webmvc-ui-2.6.0.jar;C:\Users\CC-Student\.gradle\caches\modules-2\files-2.1\com.github.kkuegler\human-readable-ids-java\0.4\c7bbc8eb7cc656475a19a244247b8079eb52e344\human-readable-ids-java-0.4.jar;C:\Users\CC-Student\.gradle\caches\modules-2\files-2.1\org.springdoc\springdoc-openapi-starter-webmvc-api\2.6.0\d235c2989247641e5dfe764d7add3a11e4d54a5f\springdoc-openapi-starter-webmvc-api-2.6.0.jar;C:\Users\CC-Student\.gradle\caches\modules-2\files-2.1\org.springframework\spring-webmvc\6.1.11\9ec4c2a5e28bf7b2d60e254e976940b12c8ba32a\spring-webmvc-6.1.11.jar;C:\Users\CC-Student\.gradle\caches\modules-2\files-2.1\org.springframework\spring-web\6.1.11\8910d08f15492273543d2c8032b2b895e08ed9e\spring-web-6.1.11.jar;C:\Users\CC-Student\.gradle\caches\modules-2\files-2.1\org.apache.tomcat.embed\tomcat-embed-el\10.1.26\5a5cbcb3e51fcd557b164736e9920a3dd2ac1e33\tomcat-embed-el-10.1.26.jar;C:\Users\CC-Student\.gradle\caches\modules-2\files-2.1\org.hibernate.validator\hibernate-validator\8.0.1.Final\e49e116b3d3928060599b176b3538bb848718e95\hibernate-validator-8.0.1.Final.jar;C:\Users\CC-Student\.gradle\caches\modules-2\files-2.1\org.springframework.amqp\spring-rabbit\3.1.6\e3d5fed3ca8f84b950afea6ce128e9ca81d3436b\spring-rabbit-3.1.6.jar;C:\Users\CC-Student\.gradle\caches\modules-2\files-2.1\org.springframework\spring-messaging\6.1.11\aa154be48b19e68680d485dc919e4b73f0826383\spring-messaging-6.1.11.jar;C:\Users\CC-Student\.gradle\caches\modules-2\files-2.1\org.webjars\swagger-ui\5.17.14\7c746d197424eb721b4e08fcaa9e85231662d81f\swagger-ui-5.17.14.jar;C:\Users\CC-Student\.gradle\caches\modules-2\files-2.1\org.springdoc\springdoc-openapi-starter-common\2.6.0\c8cf5fbd1f9e4c410d67f1de27dfc3529de13620\springdoc-openapi-starter-common-2.6.0.jar;C:\Users\CC-Student\.gradle\caches\modules-2\files-2.1\org.springframework.boot\spring-boot-autoconfigure\3.3.2\6a9ab910b00f0b504a5903e3680ac10018da6247\spring-boot-autoconfigure-3.3.2.jar;C:\Users\CC-Student\.gradle\caches\modules-2\files-2.1\org.springframework.boot\spring-boot\3.3.2\72a257d5518b2b8b9949a26543cdb3a4e67de5f8\spring-boot-3.3.2.jar;C:\Users\CC-Student\.gradle\caches\modules-2\files-2.1\jakarta.annotation\jakarta.annotation-api\2.1.1\48b9bda22b091b1f48b13af03fe36db3be6e1ae3\jakarta.annotation-api-2.1.1.jar;C:\Users\CC-Student\.gradle\caches\modules-2\files-2.1\org.springframework\spring-context\6.1.11\8fc69f776333713aa26be8821af8c6355ccad8d8\spring-context-6.1.11.jar;C:\Users\CC-Student\.gradle\caches\modules-2\files-2.1\org.springframework\spring-aop\6.1.11\3503ef99b759b81f8b0b3d5260bf4842e393a581\spring-aop-6.1.11.jar;C:\Users\CC-Student\.gradle\caches\modules-2\files-2.1\org.springframework\spring-tx\6.1.11\2e38b3218ae80d0b5401a4ef299c4cfbc3a73ed7\spring-tx-6.1.11.jar;C:\Users\CC-Student\.gradle\caches\modules-2\files-2.1\org.springframework\spring-beans\6.1.11\266176d132ab2bbf8e69e4aa6d7f47ec746ddc9a\spring-beans-6.1.11.jar;C:\Users\CC-Student\.gradle\caches\modules-2\files-2.1\org.springframework\spring-expression\6.1.11\7c12cf1cd39289cfab7c5933eda9e4704a7f2799\spring-expression-6.1.11.jar;C:\Users\CC-Student\.gradle\caches\modules-2\files-2.1\org.springframework.amqp\spring-amqp\3.1.6\173c0388be9ae83c4bea13400a517235e06c3efe\spring-amqp-3.1.6.jar;C:\Users\CC-Student\.gradle\caches\modules-2\files-2.1\org.springframework\spring-core\6.1.11\90fce4311852c68c1e87c65adf60db9add1a6dcb\spring-core-6.1.11.jar;C:\Users\CC-Student\.gradle\caches\modules-2\files-2.1\io.swagger.core.v3\swagger-core-jakarta\2.2.22\9ed5daaaa1c94c9a6b56c058c9d1b3190044a2e2\swagger-core-jakarta-2.2.22.jar;C:\Users\CC-Student\.gradle\caches\modules-2\files-2.1\com.fasterxml.jackson.datatype\jackson-datatype-jdk8\2.17.2\efd3dd0e1d0db8bc72abbe71c15e697bb83b4b45\jackson-datatype-jdk8-2.17.2.jar;C:\Users\CC-Student\.gradle\caches\modules-2\files-2.1\com.fasterxml.jackson.datatype\jackson-datatype-jsr310\2.17.2\267b85e9ba2892a37be6d80aa9ca1438a0d8c210\jackson-datatype-jsr310-2.17.2.jar;C:\Users\CC-Student\.gradle\caches\modules-2\files-2.1\com.fasterxml.jackson.module\jackson-module-parameter-names\2.17.2\d27b9f95ccce98984c1ba58d61c5a9c072b1ad95\jackson-module-parameter-names-2.17.2.jar;C:\Users\CC-Student\.gradle\caches\modules-2\files-2.1\com.fasterxml.jackson.core\jackson-databind\2.17.2\e6deb029e5901e027c129341fac39e515066b68c\jackson-databind-2.17.2.jar;C:\Users\CC-Student\.gradle\caches\modules-2\files-2.1\io.swagger.core.v3\swagger-models-jakarta\2.2.22\bc2809b2efa1f7b062bc9668304a84b198fececd\swagger-models-jakarta-2.2.22.jar;C:\Users\CC-Student\.gradle\caches\modules-2\files-2.1\com.fasterxml.jackson.core\jackson-annotations\2.17.2\147b7b9412ffff24339f8aba080b292448e08698\jackson-annotations-2.17.2.jar;C:\Users\CC-Student\.gradle\caches\modules-2\files-2.1\com.fasterxml.jackson.core\jackson-core\2.17.2\969a35cb35c86512acbadcdbbbfb044c877db814\jackson-core-2.17.2.jar;C:\Users\CC-Student\.gradle\caches\modules-2\files-2.1\com.fasterxml.jackson.dataformat\jackson-dataformat-yaml\2.17.2\78d2c73dbec62044d7cf3b544b2e0d24a1a093b0\jackson-dataformat-yaml-2.17.2.jar;C:\Users\CC-Student\.gradle\caches\modules-2\files-2.1\org.yaml\snakeyaml\2.2\3af797a25458550a16bf89acc8e4ab2b7f2bfce0\snakeyaml-2.2.jar;C:\Users\CC-Student\.gradle\caches\modules-2\files-2.1\org.apache.tomcat.embed\tomcat-embed-websocket\10.1.26\3b147d7e5566e9361e86422f9e49fdd56a429637\tomcat-embed-websocket-10.1.26.jar;C:\Users\CC-Student\.gradle\caches\modules-2\files-2.1\org.apache.tomcat.embed\tomcat-embed-core\10.1.26\5e0fa06ca373ef0ca55e603291ea51b590c377ea\tomcat-embed-core-10.1.26.jar;C:\Users\CC-Student\.gradle\caches\modules-2\files-2.1\io.micrometer\micrometer-observation\1.13.2\a498ee0871596f41a61679a29bc8390defba4245\micrometer-observation-1.13.2.jar;C:\Users\CC-Student\.gradle\caches\modules-2\files-2.1\jakarta.validation\jakarta.validation-api\3.0.2\92b6631659ba35ca09e44874d3eb936edfeee532\jakarta.validation-api-3.0.2.jar;C:\Users\CC-Student\.gradle\caches\modules-2\files-2.1\org.jboss.logging\jboss-logging\3.5.3.Final\c88fc1d8a96d4c3491f55d4317458ccad53ca663\jboss-logging-3.5.3.Final.jar;C:\Users\CC-Student\.gradle\caches\modules-2\files-2.1\com.fasterxml\classmate\1.7.0\e98374da1f2143ac8e6e0a95036994bb19137a3\classmate-1.7.0.jar;C:\Users\CC-Student\.gradle\caches\modules-2\files-2.1\com.rabbitmq\amqp-client\5.21.0\70797e8a66e800391940edcf21f31423b9768f1\amqp-client-5.21.0.jar;C:\Users\CC-Student\.gradle\caches\modules-2\files-2.1\ch.qos.logback\logback-classic\1.5.6\afc75d260d838a3bddfb8f207c2805ed7d1b34f9\logback-classic-1.5.6.jar;C:\Users\CC-Student\.gradle\caches\modules-2\files-2.1\org.apache.logging.log4j\log4j-to-slf4j\2.23.1\425ad1eb8a39904d2830e907a324e956fb456520\log4j-to-slf4j-2.23.1.jar;C:\Users\CC-Student\.gradle\caches\modules-2\files-2.1\org.slf4j\jul-to-slf4j\2.0.13\a3bcd9d9dd50c71ce69f06b1fd05e40fdeff6ba5\jul-to-slf4j-2.0.13.jar;C:\Users\CC-Student\.gradle\caches\modules-2\files-2.1\org.springframework\spring-jcl\6.1.11\97b34c6b72c8084759e71cd09a7dad16bfb8f1da\spring-jcl-6.1.11.jar;C:\Users\CC-Student\.gradle\caches\modules-2\files-2.1\io.micrometer\micrometer-commons\1.13.2\b2b69f7887f9bf6f5ae42e86a67a62367056aa3c\micrometer-commons-1.13.2.jar;C:\Users\CC-Student\.gradle\caches\modules-2\files-2.1\org.springframework.retry\spring-retry\2.0.7\f7b22a785a35cf0927277dceb5db1c6de1d6259b\spring-retry-2.0.7.jar;C:\Users\CC-Student\.gradle\caches\modules-2\files-2.1\org.slf4j\slf4j-api\2.0.13\80229737f704b121a318bba5d5deacbcf395bc77\slf4j-api-2.0.13.jar;C:\Users\CC-Student\.gradle\caches\modules-2\files-2.1\ch.qos.logback\logback-core\1.5.6\41cbe874701200c5624c19e0ab50d1b88dfcc77d\logback-core-1.5.6.jar;C:\Users\CC-Student\.gradle\caches\modules-2\files-2.1\org.apache.logging.log4j\log4j-api\2.23.1\9c15c29c526d9c6783049c0a77722693c66706e1\log4j-api-2.23.1.jar;C:\Users\CC-Student\.gradle\caches\modules-2\files-2.1\org.apache.commons\commons-lang3\3.14.0\1ed471194b02f2c6cb734a0cd6f6f107c673afae\commons-lang3-3.14.0.jar;C:\Users\CC-Student\.gradle\caches\modules-2\files-2.1\io.swagger.core.v3\swagger-annotations-jakarta\2.2.22\1efc0b0af32fce629f0786062c89e8b117abe120\swagger-annotations-jakarta-2.2.22.jar;C:\Users\CC-Student\.gradle\caches\modules-2\files-2.1\jakarta.xml.bind\jakarta.xml.bind-api\4.0.2\6cd5a999b834b63238005b7144136379dc36cad2\jakarta.xml.bind-api-4.0.2.jar;C:\Users\CC-Student\.gradle\caches\modules-2\files-2.1\jakarta.activation\jakarta.activation-api\2.1.3\fa165bd70cda600368eee31555222776a46b881f\jakarta.activation-api-2.1.3.jar
Launcher Type: SUN_STANDARD

[Global flags]
     intx CICompilerCount                          = 4                                         {product} {ergonomic}
     uint ConcGCThreads                            = 2                                         {product} {ergonomic}
     uint G1ConcRefinementThreads                  = 8                                         {product} {ergonomic}
   size_t G1HeapRegionSize                         = 2097152                                   {product} {ergonomic}
    uintx GCDrainStackTargetSize                   = 64                                        {product} {ergonomic}
   size_t InitialHeapSize                          = 266338304                                 {product} {ergonomic}
   size_t MarkStackSize                            = 4194304                                   {product} {ergonomic}
   size_t MaxHeapSize                              = 4234149888                                {product} {ergonomic}
   size_t MinHeapDeltaBytes                        = 2097152                                   {product} {ergonomic}
   size_t MinHeapSize                              = 8388608                                   {product} {ergonomic}
    uintx NonNMethodCodeHeapSize                   = 4096                                   {pd product} {ergonomic}
    uintx NonProfiledCodeHeapSize                  = 0                                      {pd product} {ergonomic}
     bool PerfDisableSharedMem                     = true                                      {product} {ergonomic}
     bool ProfileInterpreter                       = false                                  {pd product} {command line}
    uintx ProfiledCodeHeapSize                     = 0                                      {pd product} {ergonomic}
   size_t SoftMaxHeapSize                          = 4234149888                             {manageable} {ergonomic}
     intx TieredStopAtLevel                        = 1                                         {product} {command line}
     bool UseCompressedOops                        = true                           {product lp64_product} {ergonomic}
     bool UseG1GC                                  = true                                      {product} {ergonomic}
     bool UseLargePagesIndividualAllocation        = false                                  {pd product} {ergonomic}

Logging:
Log output configuration:
 #0: stdout all=warning uptime,level,tags foldmultilines=false
 #1: stderr all=off uptime,level,tags foldmultilines=false

Environment Variables:
JAVA_HOME=C:\Program Files\Java\jdk-21
PATH=C:\Users\CC-Student\bin;C:\Program Files\Git\mingw64\bin;C:\Program Files\Git\usr\local\bin;C:\Program Files\Git\usr\bin;C:\Program Files\Git\usr\bin;C:\Program Files\Git\mingw64\bin;C:\Program Files\Git\usr\bin;C:\Users\CC-Student\bin;C:\Program Files\Common Files\Oracle\Java\javapath;C:\Program Files (x86)\Common Files\Oracle\Java\java8path;C:\Program Files (x86)\Common Files\Oracle\Java\javapath;C:\windows\system32;C:\windows;C:\windows\System32\Wbem;C:\windows\System32\WindowsPowerShell\v1.0;C:\windows\System32\OpenSSH;C:\Program Files\Docker\Docker\resources\bin;C:\Program Files\cursor\resources\app\bin;C:\Program Files\Git\cmd;C:\Program Files\PowerShell\7;C:\Users\CC-Student\.local\bin;C:\Users\CC-Student\AppData\Local\Programs\Python\Launcher;C:\Program Files\MySQL\MySQL Shell 8.0\bin;C:\Users\CC-Student\AppData\Local\Microsoft\WindowsApps;C:\Users\CC-Student\AppData\Local\Programs\Microsoft VS Code\bin;C:\Program Files\Apache\maven-mvnd-1.0.3-windows-amd64\bin;C:\Program Files\Apache\apache-maven-3.9.11\bin;C:\Users\CC-Student\AppData\Local\Programs\Python\Python314;C:\Program Files\Git\usr\bin\vendor_perl;C:\Program Files\Git\usr\bin\core_perl
USERNAME=CC-Student
SHELL=C:\Program Files\Git\usr\bin\bash.exe
DISPLAY=needs-to-be-defined
LC_CTYPE=de_DE.UTF-8
TERM=xterm
TMPDIR=C:\Users\CC-STU~1\AppData\Local\Temp
OS=Windows_NT
PROCESSOR_IDENTIFIER=Intel64 Family 6 Model 142 Stepping 12, GenuineIntel
TMP=C:\Users\CC-STU~1\AppData\Local\Temp
TEMP=C:\Users\CC-STU~1\AppData\Local\Temp




Periodic native trim disabled

---------------  S Y S T E M  ---------------

OS:
 Windows 10 , 64 bit Build 19041 (10.0.19041.5915)
OS uptime: 15 days 13:09 hours
Hyper-V role detected

CPU: total 8 (initial active 8) (4 cores per cpu, 2 threads per core) family 6 model 142 stepping 12 microcode 0xfc, cx8, cmov, fxsr, ht, mmx, 3dnowpref, sse, sse2, sse3, ssse3, sse4.1, sse4.2, popcnt, lzcnt, tsc, tscinvbit, avx, avx2, aes, erms, clmul, bmi1, bmi2, adx, fma, vzeroupper, clflush, clflushopt, hv, rdtscp, f16c
Processor Information for all 8 processors :
  Max Mhz: 2208, Current Mhz: 1706, Mhz Limit: 1700

Memory: 4k page, system-wide physical 16144M (65M free)
TotalPageFile size 46285M (AvailPageFile size 17M)
current process WorkingSet (physical memory assigned to process): 10M, peak: 10M
current process commit charge ("private bytes"): 55M, peak: 309M

vm_info: Java HotSpot(TM) 64-Bit Server VM (21.0.8+12-LTS-250) for windows-amd64 JRE (21.0.8+12-LTS-250), built on 2025-06-27T08:11:22Z by "mach5one" with MS VC++ 17.6 (VS2022)

END.
